0 info it worked if it ends with ok
1 verbose cli [ 'C:\\Program Files\\nodejs\\node.exe',
1 verbose cli   'C:\\Users\\Alok\\AppData\\Roaming\\npm\\node_modules\\npm\\bin\\npm-cli.js',
1 verbose cli   'start' ]
2 info using npm@4.0.2
3 info using node@v7.9.0
4 verbose run-script [ 'prestart', 'start', 'poststart' ]
5 info lifecycle imagedisplay@1.0.0~prestart: imagedisplay@1.0.0
6 silly lifecycle imagedisplay@1.0.0~prestart: no script for prestart, continuing
7 info lifecycle imagedisplay@1.0.0~start: imagedisplay@1.0.0
8 verbose lifecycle imagedisplay@1.0.0~start: unsafe-perm in lifecycle true
9 verbose lifecycle imagedisplay@1.0.0~start: PATH: C:\Users\Alok\AppData\Roaming\npm\node_modules\npm\bin\node-gyp-bin;C:\WS\imagedisplay\node_modules\.bin;C:\ProgramData\Oracle\Java\javapath;C:\Program Files (x86)\AMD APP\bin\x86_64;C:\Program Files (x86)\AMD APP\bin\x86;C:\Program Files\Common Files\Microsoft Shared\Windows Live;C:\Program Files (x86)\Common Files\Microsoft Shared\Windows Live;C:\Windows\system32;C:\Windows;C:\Windows\System32\Wbem;C:\Windows\System32\WindowsPowerShell\v1.0\;C:\Program Files (x86)\Windows Live\Shared;C:\Program Files (x86)\ATI Technologies\ATI.ACE\Core-Static;C:\MINGW\bin\;C:\Python-3.4.3\;C:\Ruby200\bin\;C:\Users\Alok\AppData\Roaming\npm;C:\android\sdk\tools;c:\android\sdk\platform-tools;C:\Program Files\Microsoft SQL Server\Client SDK\ODBC\110\Tools\Binn\;C:\Program Files (x86)\Microsoft SQL Server\120\Tools\Binn\;C:\Program Files\Microsoft SQL Server\120\Tools\Binn\;C:\Program Files\Microsoft SQL Server\120\DTS\Binn\;C:\Program Files (x86)\Microsoft SQL Server\120\Tools\Binn\ManagementStudio\;C:\Program Files (x86)\Microsoft SQL Server\120\DTS\Binn\;C:\Program Files (x86)\Heroku\bin;C:\Program Files (x86)\git\cmd;%appdata%\local\.meteor;C:\Program Files (x86)\Windows Kits\8.1\Windows Performance Toolkit\;C:\Program Files\Git\cmd;C:\HashiCorp\Vagrant\bin;C:\Program Files\Git\usr\bin;C:\Program Files\nodejs\;C:\Program Files (x86)\Brackets\command;C:\Users\Alok\AppData\Roaming\npm;C:\ant1.9.4\bin;c:\python-3.4.3;C:\Program Files\Java\jdk1.8.0_31\bin;C:\Android\sdk\tools;C:\Android\sdk\platform-tools;C:\Program Files\PostgreSQL\9.6\bin;C:\Users\Alok\AppData\Local\.meteor\;C:\Program Files\Heroku\bin;C:\Users\Alok\AppData\Local\atom\bin;C:\Users\Alok\AppData\Roaming\npm
10 verbose lifecycle imagedisplay@1.0.0~start: CWD: C:\WS\imagedisplay
11 silly lifecycle imagedisplay@1.0.0~start: Args: [ '/d /s /c', 'node ./bin/www' ]
12 silly lifecycle imagedisplay@1.0.0~start: Returned: code: 1  signal: null
13 info lifecycle imagedisplay@1.0.0~start: Failed to exec start script
14 verbose stack Error: imagedisplay@1.0.0 start: `node ./bin/www`
14 verbose stack Exit status 1
14 verbose stack     at EventEmitter.<anonymous> (C:\Users\Alok\AppData\Roaming\npm\node_modules\npm\lib\utils\lifecycle.js:279:16)
14 verbose stack     at emitTwo (events.js:106:13)
14 verbose stack     at EventEmitter.emit (events.js:194:7)
14 verbose stack     at ChildProcess.<anonymous> (C:\Users\Alok\AppData\Roaming\npm\node_modules\npm\lib\utils\spawn.js:40:14)
14 verbose stack     at emitTwo (events.js:106:13)
14 verbose stack     at ChildProcess.emit (events.js:194:7)
14 verbose stack     at maybeClose (internal/child_process.js:899:16)
14 verbose stack     at Process.ChildProcess._handle.onexit (internal/child_process.js:226:5)
15 verbose pkgid imagedisplay@1.0.0
16 verbose cwd C:\WS\imagedisplay
17 error Windows_NT 6.1.7601
18 error argv "C:\\Program Files\\nodejs\\node.exe" "C:\\Users\\Alok\\AppData\\Roaming\\npm\\node_modules\\npm\\bin\\npm-cli.js" "start"
19 error node v7.9.0
20 error npm  v4.0.2
21 error code ELIFECYCLE
22 error imagedisplay@1.0.0 start: `node ./bin/www`
22 error Exit status 1
23 error Failed at the imagedisplay@1.0.0 start script 'node ./bin/www'.
23 error Make sure you have the latest version of node.js and npm installed.
23 error If you do, this is most likely a problem with the imagedisplay package,
23 error not with npm itself.
23 error Tell the author that this fails on your system:
23 error     node ./bin/www
23 error You can get information on how to open an issue for this project with:
23 error     npm bugs imagedisplay
23 error Or if that isn't available, you can get their info via:
23 error     npm owner ls imagedisplay
23 error There is likely additional logging output above.
24 verbose exit [ 1, true ]
